C51 COMPILER V9.00   LED                                                                   04/02/2018 16:02:35 PAGE 1   


C51 COMPILER V9.00, COMPILATION OF MODULE LED
OBJECT MODULE PLACED IN led.OBJ
COMPILER INVOKED BY: E:\Keil\C51\BIN\C51.EXE led.c BROWSE DEBUG OBJECTEXTEND

line level    source

   1          #include "reg51.h"
   2          #include "intrins.h"
   3          #define uchar unsigned char
   4          #define uint unsigned int
   5          void delay(uint i)
   6          {
   7   1              uchar t;
   8   1              while (i--)
   9   1              {
  10   2              for(t=0;t<120;t++);
  11   2              }
  12   1      }
  13          void main()
  14          {
  15   1              P1=0xff;
  16   1              delay(500);
  17   1              P1=0xfe;
  18   1              delay(500);
  19   1      }


MODULE INFORMATION:   STATIC OVERLAYABLE
   CODE SIZE        =     42    ----
   CONSTANT SIZE    =   ----    ----
   XDATA SIZE       =   ----    ----
   PDATA SIZE       =   ----    ----
   DATA SIZE        =   ----    ----
   IDATA SIZE       =   ----    ----
   BIT SIZE         =   ----    ----
END OF MODULE INFORMATION.


C51 COMPILATION COMPLETE.  0 WARNING(S),  0 ERROR(S)
