C51 COMPILER V9.00   LIUSHUIDENG2                                                          06/22/2018 22:50:13 PAGE 1   


C51 COMPILER V9.00, COMPILATION OF MODULE LIUSHUIDENG2
OBJECT MODULE PLACED IN liushuideng2.OBJ
COMPILER INVOKED BY: E:\Keil\C51\BIN\C51.EXE liushuideng2.c BROWSE DEBUG OBJECTEXTEND

line level    source

   1          #include "reg51.h"
   2          #include "intrins.h"
   3          #define uchar unsigned char
   4          #define uint unsigned int
   5          unsigned char code TABLE[]=
   6          { 
   7          0x7E,0xBD,0xDB,0xE7,0x00         
   8          }; 
   9          unsigned char i; 
  10          uint state;
  11          
  12          void delay(uint i)
  13          {
  14   1      uchar t;
  15   1      while (i--)
  16   1      {
  17   2      for(t=0;t<120;t++);
  18   2      }
  19   1      }
  20          void main()
  21          {
  22   1        start:P2=0xff;
  23   1      state=0;
  24   1      P1=0xfe;
  25   1      while(1)
  26   1      { if((P2&0x01)==0) 
  27   2      state=1;
  28   2      switch(state){
  29   3       case 1:
  30   3      { 
  31   4      while(1)
  32   4      { 
  33   5      
  34   5      if((P2&0x01)==0)
  35   5      goto start; 
  36   5      if(TABLE[i]!=0x00) 
  37   5      { 
  38   6      P1=TABLE[i];     
  39   6      i++;
  40   6      delay(500);
  41   6      }
  42   5      else
  43   5      { 
  44   6      i=0; 
  45   6      }
  46   5      }
  47   4      }
  48   3      case 0:
  49   3      delay(500);
  50   3      P1=_crol_(P1,1);
  51   3      }
  52   2      }
  53   1      }


C51 COMPILER V9.00   LIUSHUIDENG2                                                          06/22/2018 22:50:13 PAGE 2   

MODULE INFORMATION:   STATIC OVERLAYABLE
   CODE SIZE        =    108    ----
   CONSTANT SIZE    =      5    ----
   XDATA SIZE       =   ----    ----
   PDATA SIZE       =   ----    ----
   DATA SIZE        =      3    ----
   IDATA SIZE       =   ----    ----
   BIT SIZE         =   ----    ----
END OF MODULE INFORMATION.


C51 COMPILATION COMPLETE.  0 WARNING(S),  0 ERROR(S)
