C51 COMPILER V9.00   1616211014季天宇实验二                                                06/11/2018 15:42:52 PAGE 1   


C51 COMPILER V9.00, COMPILATION OF MODULE 1616211014季天宇实验二
OBJECT MODULE PLACED IN 1616211014季天宇实验二.OBJ
COMPILER INVOKED BY: E:\Keil\C51\BIN\C51.EXE 1616211014季天宇实验二.c BROWSE DEBUG OBJECTEXTEND

line level    source

   1          #include "reg51.h"
   2          #define uchar unsigned char
   3          #define uint unsigned int
   4          sbit P2_4=P2^4;
   5          uchar a=1;
   6          uchar keyval;
   7          uchar seg[]={0xc0,0xf9,0xa4,0xb0,0x99,0x92,0x82,0xf8,0x80,0x90,0x01};
   8          uchar end=0xc0;
   9          uchar i;
  10          
  11          void delay(uint x)  
  12          {
  13   1        uchar t;
  14   1          while(x--) 
  15   1            for(t=0;t<120;t++);
  16   1                }
  17          
  18          void key_scan(void){
  19   1              P2=0xff;
  20   1              if (P2_4!=1){
  21   2                      delay(50);
  22   2                      keyval=1;
  23   2              }
  24   1              while (P2_4!=1){
  25   2              {
  26   3                      P0=end;
  27   3                      P2=0xf7;         
  28   3             }  
  29   2              }
  30   1      }
  31          
  32          void L1(){
  33   1              P2=0xf7;
  34   1              end=seg[a++];
  35   1              if(a==10)
  36   1                      a=0;
  37   1      }
  38          
  39          void main(void)
  40          {
  41   1              P2=0xf7;
  42   1              keyval=0;
  43   1              P0=seg[0];
  44   1              while(1)
  45   1              {
  46   2              key_scan();
  47   2              if(keyval==1){
  48   3                      L1();
  49   3                      keyval=0;
  50   3              }       
  51   2                      P0=end;
  52   2                      P2=0xf7;
  53   2                      delay(2);                
  54   2              }
  55   1      }
C51 COMPILER V9.00   1616211014季天宇实验二                                                06/11/2018 15:42:52 PAGE 2   



MODULE INFORMATION:   STATIC OVERLAYABLE
   CODE SIZE        =    111    ----
   CONSTANT SIZE    =   ----    ----
   XDATA SIZE       =   ----    ----
   PDATA SIZE       =   ----    ----
   DATA SIZE        =     15    ----
   IDATA SIZE       =   ----    ----
   BIT SIZE         =   ----    ----
END OF MODULE INFORMATION.


C51 COMPILATION COMPLETE.  0 WARNING(S),  0 ERROR(S)
