C51 COMPILER V9.00   1616211014季天宇秒表                                                  07/02/2018 15:29:29 PAGE 1   


C51 COMPILER V9.00, COMPILATION OF MODULE 1616211014季天宇秒表
OBJECT MODULE PLACED IN 1616211014季天宇秒表.OBJ
COMPILER INVOKED BY: E:\Keil\C51\BIN\C51.EXE 1616211014季天宇秒表.c BROWSE DEBUG OBJECTEXTEND

line level    source

   1          #include <reg51.h>
   2          #include <intrins.h>
   3          #define uchar unsigned char
   4          #define uint unsigned int
   5          sbit P2_4=P2^4;
   6          uchar seg[]= {0xc0,0xf9,0xa4,0xb0,0x99,0x92,0x82,0xf8,0x80,0x90};
   7          uchar time[]= {0xc0,0xc0,0xc0,0xc0};
   8          uchar timer=0;
   9          uchar second;
  10          uchar minute;
  11          uchar key;
  12          uchar a;
  13          uchar j=0xf7;
  14          
  15          void delay(uint x)  
  16          {
  17   1        uchar t;
  18   1          while(x--) 
  19   1            for(t=0;t<200;t++);
  20   1      }                                                                                               
  21          
  22          void display(){
  23   1              for(a =0;a<4;a++)
  24   1                              {
  25   2                              j=_crol_(j,1);
  26   2                              P2=j;           
  27   2                              P0 = time[a];
  28   2                              delay(1);
  29   2                              }
  30   1      }
  31          
  32          void convert(){
  33   1              time[0]=seg[minute/10];
  34   1              time[1]=seg[minute%10];
  35   1              time[2]=seg[second/10];
  36   1              time[3]=seg[second%10];
  37   1      }
  38          
  39          void main(){
  40   1      TMOD=0x01;
  41   1      ET0=1;
  42   1      EA=1;
  43   1      second=50;
  44   1      minute=59;
  45   1      P2=0xf0;
  46   1      P0=seg[0];
  47   1      while(1)
  48   1      {
  49   2         if (P2_4!=1){
  50   3              
  51   3                      while (P2_4!=1);
  52   3                      delay(20);
  53   3                      key++;
  54   3                      switch(key){
  55   4                      case 1:
C51 COMPILER V9.00   1616211014季天宇秒表                                                  07/02/2018 15:29:29 PAGE 2   

  56   4                              TH0=0xee;
  57   4                              TL0=0x00;
  58   4                              TR0=1;
  59   4                              break;
  60   4                      case 2:
  61   4                              TR0=0;
  62   4                              convert();
  63   4                              a=0;
  64   4                              j=0xf7;
  65   4              
  66   4                              while(P2_4==1){
  67   5                              display();
  68   5                              }
  69   4                              break;
  70   4                      case 3:
  71   4                              key=0;
  72   4                              second=0;
  73   4                              minute=0;
  74   4                              P2=0xf0;
  75   4                              P0=seg[second];
  76   4                              break;
  77   4                      }
  78   3                              
  79   3              }
  80   2      }
  81   1      }
  82          
  83          void int_T0() interrupt 1{
  84   1              there:TR0=0;
  85   1              TH0=0xee;
  86   1              TL0=0x00;
  87   1              timer++;
  88   1              display();
  89   1              if(timer==80)
  90   1              {
  91   2                      timer=0;
  92   2                      second++;
  93   2                      if(second>59)
  94   2              {
  95   3                      second=0;
  96   3                      minute++;
  97   3              }
  98   2                      
  99   2              }
 100   1              
 101   1              if(minute==60)
 102   1              {
 103   2                      TR0=0;
 104   2                      second=0;
 105   2                      minute=0;
 106   2                      key=2;
 107   2                      goto there;
 108   2              }
 109   1      
 110   1              else
 111   1              {
 112   2                      TR0=1;
 113   2              }
 114   1              convert();
 115   1                      //display();
 116   1      }        

C51 COMPILER V9.00   1616211014季天宇秒表                                                  07/02/2018 15:29:29 PAGE 3   


MODULE INFORMATION:   STATIC OVERLAYABLE
   CODE SIZE        =    308    ----
   CONSTANT SIZE    =   ----    ----
   XDATA SIZE       =   ----    ----
   PDATA SIZE       =   ----    ----
   DATA SIZE        =     20    ----
   IDATA SIZE       =   ----    ----
   BIT SIZE         =   ----    ----
END OF MODULE INFORMATION.


C51 COMPILATION COMPLETE.  0 WARNING(S),  0 ERROR(S)
